app/app/build/intermediates/manifest_merge_blame_file/debug/manifest-merger-blame-debug-report.txt
1<?xml version="1.0" encoding="utf-8"?>
2<manifest xmlns:android="http://schemas.android.com/apk/res/android"
3    package="com.willowood.akshatrastogi.willowoodagri"
4    android:versionCode="9"
5    android:versionName="4.0" >
6
7    <uses-sdk
8        android:minSdkVersion="21"
8-->src\main\AndroidManifest.xml
9        android:targetSdkVersion="30" />
9-->src\main\AndroidManifest.xml
10
11    <supports-screens
11-->src\main\AndroidManifest.xml:5:5-9:39
12        android:anyDensity="true"
12-->src\main\AndroidManifest.xml:6:9-34
13        android:largeScreens="true"
13-->src\main\AndroidManifest.xml:7:9-36
14        android:normalScreens="true"
14-->src\main\AndroidManifest.xml:8:9-37
15        android:smallScreens="true" />
15-->src\main\AndroidManifest.xml:9:9-36
16
17    <uses-feature
17-->src\main\AndroidManifest.xml:11:5-13:35
18        android:glEsVersion="0x00020000"
18-->src\main\AndroidManifest.xml:12:9-41
19        android:required="true" />
19-->src\main\AndroidManifest.xml:13:9-32
20
21    <uses-permission android:name="android.permission.CALL_PHONE" />
21-->src\main\AndroidManifest.xml:15:5-69
21-->src\main\AndroidManifest.xml:15:22-66
22    <uses-permission android:name="android.permission.ACCESS_NETWORK_STATE" />
22-->src\main\AndroidManifest.xml:16:5-79
22-->src\main\AndroidManifest.xml:16:22-76
23    <uses-permission android:name="android.permission.INTERNET" />
23-->src\main\AndroidManifest.xml:17:5-67
23-->src\main\AndroidManifest.xml:17:22-64
24    <uses-permission android:name="android.permission.WAKE_LOCK" />
24-->[com.google.firebase:firebase-measurement-connector-impl:16.0.0] AndroidManifest.xml:24:5-68
24-->[com.google.firebase:firebase-measurement-connector-impl:16.0.0] AndroidManifest.xml:24:22-65
25    <uses-permission android:name="com.google.android.finsky.permission.BIND_GET_INSTALL_REFERRER_SERVICE" /> <!-- Required by older versions of Google Play services to create IID tokens -->
25-->[com.google.firebase:firebase-analytics:16.0.0] AndroidManifest.xml:26:5-110
25-->[com.google.firebase:firebase-analytics:16.0.0] AndroidManifest.xml:26:22-107
26    <uses-permission android:name="com.google.android.c2dm.permission.RECEIVE" />
26-->[com.google.firebase:firebase-iid:16.0.0] AndroidManifest.xml:26:5-82
26-->[com.google.firebase:firebase-iid:16.0.0] AndroidManifest.xml:26:22-79
27
28    <permission
28-->[com.google.firebase:firebase-iid:16.0.0] AndroidManifest.xml:28:5-30:47
29        android:name="com.willowood.akshatrastogi.willowoodagri.permission.C2D_MESSAGE"
29-->[com.google.firebase:firebase-iid:16.0.0] AndroidManifest.xml:29:9-63
30        android:protectionLevel="signature" />
30-->[com.google.firebase:firebase-iid:16.0.0] AndroidManifest.xml:30:9-44
31
32    <uses-permission android:name="com.willowood.akshatrastogi.willowoodagri.permission.C2D_MESSAGE" />
32-->[com.google.firebase:firebase-iid:16.0.0] AndroidManifest.xml:32:5-79
32-->[com.google.firebase:firebase-iid:16.0.0] AndroidManifest.xml:32:22-76
33
34    <application
34-->src\main\AndroidManifest.xml:19:5-591:19
35        android:allowBackup="true"
35-->src\main\AndroidManifest.xml:20:9-35
36        android:appComponentFactory="androidx.core.app.CoreComponentFactory"
36-->[androidx.core:core:1.6.0-rc01] AndroidManifest.xml:24:18-86
37        android:debuggable="true"
38        android:icon="@drawable/wltransparentlogo"
38-->src\main\AndroidManifest.xml:21:9-51
39        android:label="@string/app_name"
39-->src\main\AndroidManifest.xml:22:9-41
40        android:screenOrientation="portrait"
40-->src\main\AndroidManifest.xml:23:9-45
41        android:supportsRtl="true"
41-->src\main\AndroidManifest.xml:24:9-35
42        android:testOnly="true"
43        android:theme="@style/AppTheme" >
43-->src\main\AndroidManifest.xml:25:9-40
44        <activity
44-->src\main\AndroidManifest.xml:26:9-28:20
45            android:name="com.willowood.akshatrastogi.willowoodagri.news_inside"
45-->src\main\AndroidManifest.xml:26:19-87
46            android:screenOrientation="portrait" >
46-->src\main\AndroidManifest.xml:27:13-49
47        </activity>
48        <activity
48-->src\main\AndroidManifest.xml:29:9-31:20
49            android:name="com.willowood.akshatrastogi.willowoodagri.mainactivity"
49-->src\main\AndroidManifest.xml:29:19-88
50            android:screenOrientation="portrait" >
50-->src\main\AndroidManifest.xml:30:13-49
51        </activity>
52        <activity
52-->src\main\AndroidManifest.xml:32:9-33:51
53            android:name="com.willowood.akshatrastogi.willowoodagri.deltrom"
53-->src\main\AndroidManifest.xml:32:19-83
54            android:screenOrientation="portrait" />
54-->src\main\AndroidManifest.xml:33:13-49
55        <activity
55-->src\main\AndroidManifest.xml:34:9-35:51
56            android:name="com.willowood.akshatrastogi.willowoodagri.deltromhindi"
56-->src\main\AndroidManifest.xml:34:19-88
57            android:screenOrientation="portrait" />
57-->src\main\AndroidManifest.xml:35:13-49
58        <activity
58-->src\main\AndroidManifest.xml:36:9-37:51
59            android:name="com.willowood.akshatrastogi.willowoodagri.pacemaker"
59-->src\main\AndroidManifest.xml:36:19-85
60            android:screenOrientation="portrait" />
60-->src\main\AndroidManifest.xml:37:13-49
61        <activity
61-->src\main\AndroidManifest.xml:38:9-39:51
62            android:name="com.willowood.akshatrastogi.willowoodagri.pacemakerhindi"
62-->src\main\AndroidManifest.xml:38:19-90
63            android:screenOrientation="portrait" />
63-->src\main\AndroidManifest.xml:39:13-49
64        <activity
64-->src\main\AndroidManifest.xml:40:9-41:51
65            android:name="com.willowood.akshatrastogi.willowoodagri.sulconahindi"
65-->src\main\AndroidManifest.xml:40:19-88
66            android:screenOrientation="portrait" />
66-->src\main\AndroidManifest.xml:41:13-49
67        <activity
67-->src\main\AndroidManifest.xml:42:9-43:51
68            android:name="com.willowood.akshatrastogi.willowoodagri.diazotophindi"
68-->src\main\AndroidManifest.xml:42:19-89
69            android:screenOrientation="portrait" />
69-->src\main\AndroidManifest.xml:43:13-49
70        <activity
70-->src\main\AndroidManifest.xml:44:9-45:51
71            android:name="com.willowood.akshatrastogi.willowoodagri.sulcona"
71-->src\main\AndroidManifest.xml:44:19-83
72            android:screenOrientation="portrait" />
72-->src\main\AndroidManifest.xml:45:13-49
73        <activity
73-->src\main\AndroidManifest.xml:46:9-47:51
74            android:name="com.willowood.akshatrastogi.willowoodagri.diazotop"
74-->src\main\AndroidManifest.xml:46:19-84
75            android:screenOrientation="portrait" />
75-->src\main\AndroidManifest.xml:47:13-49
76        <activity
76-->src\main\AndroidManifest.xml:48:9-49:51
77            android:name="com.willowood.akshatrastogi.willowoodagri.wilbloom"
77-->src\main\AndroidManifest.xml:48:19-84
78            android:screenOrientation="portrait" />
78-->src\main\AndroidManifest.xml:49:13-49
79        <activity
79-->src\main\AndroidManifest.xml:50:9-51:51
80            android:name="com.willowood.akshatrastogi.willowoodagri.wilbloomhindi"
80-->src\main\AndroidManifest.xml:50:19-89
81            android:screenOrientation="portrait" />
81-->src\main\AndroidManifest.xml:51:13-49
82        <activity
82-->src\main\AndroidManifest.xml:52:9-53:51
83            android:name="com.willowood.akshatrastogi.willowoodagri.wilgibhindi"
83-->src\main\AndroidManifest.xml:52:19-87
84            android:screenOrientation="portrait" />
84-->src\main\AndroidManifest.xml:53:13-49
85        <activity
85-->src\main\AndroidManifest.xml:54:9-55:51
86            android:name="com.willowood.akshatrastogi.willowoodagri.wilgib"
86-->src\main\AndroidManifest.xml:54:19-82
87            android:screenOrientation="portrait" />
87-->src\main\AndroidManifest.xml:55:13-49
88        <activity
88-->src\main\AndroidManifest.xml:56:9-57:51
89            android:name="com.willowood.akshatrastogi.willowoodagri.mango_hindi"
89-->src\main\AndroidManifest.xml:56:19-87
90            android:screenOrientation="portrait" />
90-->src\main\AndroidManifest.xml:57:13-49
91        <activity
91-->src\main\AndroidManifest.xml:58:9-59:51
92            android:name="com.willowood.akshatrastogi.willowoodagri.peahindi"
92-->src\main\AndroidManifest.xml:58:19-84
93            android:screenOrientation="portrait" />
93-->src\main\AndroidManifest.xml:59:13-49
94        <activity
94-->src\main\AndroidManifest.xml:60:9-61:51
95            android:name="com.willowood.akshatrastogi.willowoodagri.menthaenglish"
95-->src\main\AndroidManifest.xml:60:19-89
96            android:screenOrientation="portrait" />
96-->src\main\AndroidManifest.xml:61:13-49
97        <activity
97-->src\main\AndroidManifest.xml:62:9-63:51
98            android:name="com.willowood.akshatrastogi.willowoodagri.pomogrenade"
98-->src\main\AndroidManifest.xml:62:19-87
99            android:screenOrientation="portrait" />
99-->src\main\AndroidManifest.xml:63:13-49
100        <activity
100-->src\main\AndroidManifest.xml:64:9-65:51
101            android:name="com.willowood.akshatrastogi.willowoodagri.tomato_english"
101-->src\main\AndroidManifest.xml:64:19-90
102            android:screenOrientation="portrait" />
102-->src\main\AndroidManifest.xml:65:13-49
103        <activity
103-->src\main\AndroidManifest.xml:66:9-67:51
104            android:name="com.willowood.akshatrastogi.willowoodagri.tomato_hindi"
104-->src\main\AndroidManifest.xml:66:19-88
105            android:screenOrientation="portrait" />
105-->src\main\AndroidManifest.xml:67:13-49
106        <activity
106-->src\main\AndroidManifest.xml:68:9-69:51
107            android:name="com.willowood.akshatrastogi.willowoodagri.news_inside_hindi"
107-->src\main\AndroidManifest.xml:68:19-93
108            android:screenOrientation="portrait" />
108-->src\main\AndroidManifest.xml:69:13-49
109        <activity
109-->src\main\AndroidManifest.xml:70:9-72:52
110            android:name="com.willowood.akshatrastogi.willowoodagri.dnahindi"
110-->src\main\AndroidManifest.xml:71:13-78
111            android:screenOrientation="portrait" />
111-->src\main\AndroidManifest.xml:72:13-49
112        <activity
112-->src\main\AndroidManifest.xml:73:9-75:52
113            android:name="com.willowood.akshatrastogi.willowoodagri.wiljoshhindi"
113-->src\main\AndroidManifest.xml:74:13-82
114            android:screenOrientation="portrait" />
114-->src\main\AndroidManifest.xml:75:13-49
115        <activity
115-->src\main\AndroidManifest.xml:76:9-78:52
116            android:name="com.willowood.akshatrastogi.willowoodagri.wilflyhindi"
116-->src\main\AndroidManifest.xml:77:13-81
117            android:screenOrientation="portrait" />
117-->src\main\AndroidManifest.xml:78:13-49
118        <activity
118-->src\main\AndroidManifest.xml:79:9-81:52
119            android:name="com.willowood.akshatrastogi.willowoodagri.halowilhindi"
119-->src\main\AndroidManifest.xml:80:13-82
120            android:screenOrientation="portrait" />
120-->src\main\AndroidManifest.xml:81:13-49
121        <activity
121-->src\main\AndroidManifest.xml:82:9-84:52
122            android:name="com.willowood.akshatrastogi.willowoodagri.halowilenglish"
122-->src\main\AndroidManifest.xml:83:13-84
123            android:screenOrientation="portrait" />
123-->src\main\AndroidManifest.xml:84:13-49
124        <activity
124-->src\main\AndroidManifest.xml:85:9-87:52
125            android:name="com.willowood.akshatrastogi.willowoodagri.wilflyenglish"
125-->src\main\AndroidManifest.xml:86:13-83
126            android:screenOrientation="portrait" />
126-->src\main\AndroidManifest.xml:87:13-49
127        <activity
127-->src\main\AndroidManifest.xml:88:9-90:52
128            android:name="com.willowood.akshatrastogi.willowoodagri.wiljoshenglish"
128-->src\main\AndroidManifest.xml:89:13-84
129            android:screenOrientation="portrait" />
129-->src\main\AndroidManifest.xml:90:13-49
130        <activity
130-->src\main\AndroidManifest.xml:91:9-93:52
131            android:name="com.willowood.akshatrastogi.willowoodagri.dnaenglish"
131-->src\main\AndroidManifest.xml:92:13-80
132            android:screenOrientation="portrait" />
132-->src\main\AndroidManifest.xml:93:13-49
133
134        <service android:name="com.willowood.akshatrastogi.willowoodagri.MyFirebaseMessagingService" >
134-->src\main\AndroidManifest.xml:95:9-99:19
134-->src\main\AndroidManifest.xml:95:18-101
135            <intent-filter>
135-->src\main\AndroidManifest.xml:96:13-98:29
136                <action android:name="com.google.firebase.MESSAGING_EVENT" />
136-->src\main\AndroidManifest.xml:97:17-78
136-->src\main\AndroidManifest.xml:97:25-75
137            </intent-filter>
138        </service>
139        <service android:name="com.willowood.akshatrastogi.willowoodagri.MyFirebaseInstanceIDService" >
139-->src\main\AndroidManifest.xml:100:9-104:19
139-->src\main\AndroidManifest.xml:100:18-102
140            <intent-filter>
140-->src\main\AndroidManifest.xml:101:13-103:29
141                <action android:name="com.google.firebase.INSTANCE_ID_EVENT" />
141-->src\main\AndroidManifest.xml:102:17-80
141-->src\main\AndroidManifest.xml:102:25-77
142            </intent-filter>
143        </service>
144
145        <activity
145-->src\main\AndroidManifest.xml:106:9-108:52
146            android:name="com.willowood.akshatrastogi.willowoodagri.LanguageActivity"
146-->src\main\AndroidManifest.xml:107:13-86
147            android:screenOrientation="portrait" />
147-->src\main\AndroidManifest.xml:108:13-49
148        <activity
148-->src\main\AndroidManifest.xml:109:9-111:52
149            android:name="com.willowood.akshatrastogi.willowoodagri.EnglishHomepage"
149-->src\main\AndroidManifest.xml:110:13-85
150            android:screenOrientation="portrait" />
150-->src\main\AndroidManifest.xml:111:13-49
151        <activity
151-->src\main\AndroidManifest.xml:112:9-114:52
152            android:name="com.willowood.akshatrastogi.willowoodagri.HindiHomepage"
152-->src\main\AndroidManifest.xml:113:13-83
153            android:screenOrientation="portrait" />
153-->src\main\AndroidManifest.xml:114:13-49
154        <activity
154-->src\main\AndroidManifest.xml:115:9-117:52
155            android:name="com.willowood.akshatrastogi.willowoodagri.aboutus"
155-->src\main\AndroidManifest.xml:116:13-77
156            android:screenOrientation="portrait" />
156-->src\main\AndroidManifest.xml:117:13-49
157        <activity
157-->src\main\AndroidManifest.xml:118:9-120:52
158            android:name="com.willowood.akshatrastogi.willowoodagri.hindiaboutus"
158-->src\main\AndroidManifest.xml:119:13-82
159            android:screenOrientation="portrait" />
159-->src\main\AndroidManifest.xml:120:13-49
160        <activity
160-->src\main\AndroidManifest.xml:121:9-123:52
161            android:name="com.willowood.akshatrastogi.willowoodagri.productsenglish"
161-->src\main\AndroidManifest.xml:122:13-85
162            android:screenOrientation="portrait" />
162-->src\main\AndroidManifest.xml:123:13-49
163        <activity
163-->src\main\AndroidManifest.xml:124:9-126:52
164            android:name="com.willowood.akshatrastogi.willowoodagri.productshindi"
164-->src\main\AndroidManifest.xml:125:13-83
165            android:screenOrientation="portrait" />
165-->src\main\AndroidManifest.xml:126:13-49
166        <activity
166-->src\main\AndroidManifest.xml:127:9-129:52
167            android:name="com.willowood.akshatrastogi.willowoodagri.cropEnglish"
167-->src\main\AndroidManifest.xml:128:13-81
168            android:screenOrientation="portrait" />
168-->src\main\AndroidManifest.xml:129:13-49
169        <activity
169-->src\main\AndroidManifest.xml:130:9-132:52
170            android:name="com.willowood.akshatrastogi.willowoodagri.cerealcrops"
170-->src\main\AndroidManifest.xml:131:13-81
171            android:screenOrientation="portrait" />
171-->src\main\AndroidManifest.xml:132:13-49
172        <activity
172-->src\main\AndroidManifest.xml:133:9-135:52
173            android:name="com.willowood.akshatrastogi.willowoodagri.pulses"
173-->src\main\AndroidManifest.xml:134:13-76
174            android:screenOrientation="portrait" />
174-->src\main\AndroidManifest.xml:135:13-49
175        <activity
175-->src\main\AndroidManifest.xml:136:9-138:52
176            android:name="com.willowood.akshatrastogi.willowoodagri.vegetables"
176-->src\main\AndroidManifest.xml:137:13-80
177            android:screenOrientation="portrait" />
177-->src\main\AndroidManifest.xml:138:13-49
178        <activity
178-->src\main\AndroidManifest.xml:139:9-141:52
179            android:name="com.willowood.akshatrastogi.willowoodagri.fruitcrop"
179-->src\main\AndroidManifest.xml:140:13-79
180            android:screenOrientation="portrait" />
180-->src\main\AndroidManifest.xml:141:13-49
181        <activity
181-->src\main\AndroidManifest.xml:142:9-144:52
182            android:name="com.willowood.akshatrastogi.willowoodagri.othercrops"
182-->src\main\AndroidManifest.xml:143:13-80
183            android:screenOrientation="portrait" />
183-->src\main\AndroidManifest.xml:144:13-49
184        <activity
184-->src\main\AndroidManifest.xml:145:9-147:52
185            android:name="com.willowood.akshatrastogi.willowoodagri.insecticide"
185-->src\main\AndroidManifest.xml:146:13-81
186            android:screenOrientation="portrait" />
186-->src\main\AndroidManifest.xml:147:13-49
187        <activity
187-->src\main\AndroidManifest.xml:148:9-150:52
188            android:name="com.willowood.akshatrastogi.willowoodagri.fungicides"
188-->src\main\AndroidManifest.xml:149:13-80
189            android:screenOrientation="portrait" />
189-->src\main\AndroidManifest.xml:150:13-49
190        <activity
190-->src\main\AndroidManifest.xml:151:9-153:52
191            android:name="com.willowood.akshatrastogi.willowoodagri.pgrs"
191-->src\main\AndroidManifest.xml:152:13-74
192            android:screenOrientation="portrait" />
192-->src\main\AndroidManifest.xml:153:13-49
193        <activity
193-->src\main\AndroidManifest.xml:154:9-156:52
194            android:name="com.willowood.akshatrastogi.willowoodagri.herbicides"
194-->src\main\AndroidManifest.xml:155:13-80
195            android:screenOrientation="portrait" />
195-->src\main\AndroidManifest.xml:156:13-49
196        <activity
196-->src\main\AndroidManifest.xml:157:9-159:52
197            android:name="com.willowood.akshatrastogi.willowoodagri.kitnashak"
197-->src\main\AndroidManifest.xml:158:13-79
198            android:screenOrientation="portrait" />
198-->src\main\AndroidManifest.xml:159:13-49
199        <activity
199-->src\main\AndroidManifest.xml:160:9-162:52
200            android:name="com.willowood.akshatrastogi.willowoodagri.fafundnashak"
200-->src\main\AndroidManifest.xml:161:13-82
201            android:screenOrientation="portrait" />
201-->src\main\AndroidManifest.xml:162:13-49
202        <activity
202-->src\main\AndroidManifest.xml:163:9-165:52
203            android:name="com.willowood.akshatrastogi.willowoodagri.kharpatwarnashak"
203-->src\main\AndroidManifest.xml:164:13-86
204            android:screenOrientation="portrait" />
204-->src\main\AndroidManifest.xml:165:13-49
205        <activity
205-->src\main\AndroidManifest.xml:166:9-168:52
206            android:name="com.willowood.akshatrastogi.willowoodagri.paudhvikasvardhak"
206-->src\main\AndroidManifest.xml:167:13-87
207            android:screenOrientation="portrait" />
207-->src\main\AndroidManifest.xml:168:13-49
208        <activity
208-->src\main\AndroidManifest.xml:169:9-171:52
209            android:name="com.willowood.akshatrastogi.willowoodagri.crophindi"
209-->src\main\AndroidManifest.xml:170:13-79
210            android:screenOrientation="portrait" />
210-->src\main\AndroidManifest.xml:171:13-49
211        <activity
211-->src\main\AndroidManifest.xml:172:9-174:52
212            android:name="com.willowood.akshatrastogi.willowoodagri.anaaj"
212-->src\main\AndroidManifest.xml:173:13-75
213            android:screenOrientation="portrait" />
213-->src\main\AndroidManifest.xml:174:13-49
214        <activity
214-->src\main\AndroidManifest.xml:175:9-177:52
215            android:name="com.willowood.akshatrastogi.willowoodagri.dalhan"
215-->src\main\AndroidManifest.xml:176:13-76
216            android:screenOrientation="portrait" />
216-->src\main\AndroidManifest.xml:177:13-49
217        <activity
217-->src\main\AndroidManifest.xml:178:9-180:52
218            android:name="com.willowood.akshatrastogi.willowoodagri.sabji"
218-->src\main\AndroidManifest.xml:179:13-75
219            android:screenOrientation="portrait" />
219-->src\main\AndroidManifest.xml:180:13-49
220        <activity
220-->src\main\AndroidManifest.xml:181:9-183:52
221            android:name="com.willowood.akshatrastogi.willowoodagri.fal"
221-->src\main\AndroidManifest.xml:182:13-73
222            android:screenOrientation="portrait" />
222-->src\main\AndroidManifest.xml:183:13-49
223        <activity
223-->src\main\AndroidManifest.xml:184:9-186:52
224            android:name="com.willowood.akshatrastogi.willowoodagri.anya"
224-->src\main\AndroidManifest.xml:185:13-74
225            android:screenOrientation="portrait" />
225-->src\main\AndroidManifest.xml:186:13-49
226        <activity
226-->src\main\AndroidManifest.xml:187:9-189:52
227            android:name="com.willowood.akshatrastogi.willowoodagri.innovexia"
227-->src\main\AndroidManifest.xml:188:13-79
228            android:screenOrientation="portrait" />
228-->src\main\AndroidManifest.xml:189:13-49
229        <activity
229-->src\main\AndroidManifest.xml:190:9-192:52
230            android:name="com.willowood.akshatrastogi.willowoodagri.taurate"
230-->src\main\AndroidManifest.xml:191:13-77
231            android:screenOrientation="portrait" />
231-->src\main\AndroidManifest.xml:192:13-49
232        <activity
232-->src\main\AndroidManifest.xml:193:9-195:52
233            android:name="com.willowood.akshatrastogi.willowoodagri.exotica"
233-->src\main\AndroidManifest.xml:194:13-77
234            android:screenOrientation="portrait" />
234-->src\main\AndroidManifest.xml:195:13-49
235        <activity
235-->src\main\AndroidManifest.xml:196:9-198:52
236            android:name="com.willowood.akshatrastogi.willowoodagri.teknox"
236-->src\main\AndroidManifest.xml:197:13-76
237            android:screenOrientation="portrait" />
237-->src\main\AndroidManifest.xml:198:13-49
238        <activity
238-->src\main\AndroidManifest.xml:199:9-201:52
239            android:name="com.willowood.akshatrastogi.willowoodagri.wwadvisor"
239-->src\main\AndroidManifest.xml:200:13-79
240            android:screenOrientation="portrait" />
240-->src\main\AndroidManifest.xml:201:13-49
241        <activity
241-->src\main\AndroidManifest.xml:202:9-204:52
242            android:name="com.willowood.akshatrastogi.willowoodagri.brandsl"
242-->src\main\AndroidManifest.xml:203:13-77
243            android:screenOrientation="portrait" />
243-->src\main\AndroidManifest.xml:204:13-49
244        <activity
244-->src\main\AndroidManifest.xml:205:9-207:52
245            android:name="com.willowood.akshatrastogi.willowoodagri.brandgr"
245-->src\main\AndroidManifest.xml:206:13-77
246            android:screenOrientation="portrait" />
246-->src\main\AndroidManifest.xml:207:13-49
247        <activity
247-->src\main\AndroidManifest.xml:208:9-210:52
248            android:name="com.willowood.akshatrastogi.willowoodagri.valxtra"
248-->src\main\AndroidManifest.xml:209:13-77
249            android:screenOrientation="portrait" />
249-->src\main\AndroidManifest.xml:210:13-49
250        <activity
250-->src\main\AndroidManifest.xml:211:9-213:52
251            android:name="com.willowood.akshatrastogi.willowoodagri.miticide"
251-->src\main\AndroidManifest.xml:212:13-78
252            android:screenOrientation="portrait" />
252-->src\main\AndroidManifest.xml:213:13-49
253        <activity
253-->src\main\AndroidManifest.xml:214:9-216:52
254            android:name="com.willowood.akshatrastogi.willowoodagri.wwadvisorhindi"
254-->src\main\AndroidManifest.xml:215:13-84
255            android:screenOrientation="portrait" />
255-->src\main\AndroidManifest.xml:216:13-49
256        <activity
256-->src\main\AndroidManifest.xml:217:9-227:20
257            android:name="com.willowood.akshatrastogi.willowoodagri.SplashScreen"
257-->src\main\AndroidManifest.xml:218:13-82
258            android:noHistory="true"
258-->src\main\AndroidManifest.xml:219:13-37
259            android:screenOrientation="portrait"
259-->src\main\AndroidManifest.xml:220:13-49
260            android:theme="@style/Theme.AppCompat.Light.NoActionBar.Fullscreen" >
260-->src\main\AndroidManifest.xml:221:13-80
261            <intent-filter>
261-->src\main\AndroidManifest.xml:222:13-226:29
262                <action android:name="android.intent.action.MAIN" />
262-->src\main\AndroidManifest.xml:223:17-69
262-->src\main\AndroidManifest.xml:223:25-66
263
264                <category android:name="android.intent.category.LAUNCHER" />
264-->src\main\AndroidManifest.xml:225:17-77
264-->src\main\AndroidManifest.xml:225:27-74
265            </intent-filter>
266        </activity>
267        <activity
267-->src\main\AndroidManifest.xml:228:9-230:52
268            android:name="com.willowood.akshatrastogi.willowoodagri.makrinashak"
268-->src\main\AndroidManifest.xml:229:13-81
269            android:screenOrientation="portrait" />
269-->src\main\AndroidManifest.xml:230:13-49
270        <activity
270-->src\main\AndroidManifest.xml:231:9-233:52
271            android:name="com.willowood.akshatrastogi.willowoodagri.inovexiahindi"
271-->src\main\AndroidManifest.xml:232:13-83
272            android:screenOrientation="portrait" />
272-->src\main\AndroidManifest.xml:233:13-49
273        <activity
273-->src\main\AndroidManifest.xml:234:9-236:52
274            android:name="com.willowood.akshatrastogi.willowoodagri.teknoxhindi"
274-->src\main\AndroidManifest.xml:235:13-81
275            android:screenOrientation="portrait" />
275-->src\main\AndroidManifest.xml:236:13-49
276        <activity
276-->src\main\AndroidManifest.xml:237:9-239:52
277            android:name="com.willowood.akshatrastogi.willowoodagri.tauratehindi"
277-->src\main\AndroidManifest.xml:238:13-82
278            android:screenOrientation="portrait" />
278-->src\main\AndroidManifest.xml:239:13-49
279        <activity
279-->src\main\AndroidManifest.xml:240:9-242:52
280            android:name="com.willowood.akshatrastogi.willowoodagri.exoticahindi"
280-->src\main\AndroidManifest.xml:241:13-82
281            android:screenOrientation="portrait" />
281-->src\main\AndroidManifest.xml:242:13-49
282        <activity
282-->src\main\AndroidManifest.xml:243:9-245:52
283            android:name="com.willowood.akshatrastogi.willowoodagri.brandslhindi"
283-->src\main\AndroidManifest.xml:244:13-82
284            android:screenOrientation="portrait" />
284-->src\main\AndroidManifest.xml:245:13-49
285        <activity
285-->src\main\AndroidManifest.xml:246:9-248:52
286            android:name="com.willowood.akshatrastogi.willowoodagri.brandgrhindi"
286-->src\main\AndroidManifest.xml:247:13-82
287            android:screenOrientation="portrait" />
287-->src\main\AndroidManifest.xml:248:13-49
288        <activity
288-->src\main\AndroidManifest.xml:249:9-251:52
289            android:name="com.willowood.akshatrastogi.willowoodagri.valxtrahindi"
289-->src\main\AndroidManifest.xml:250:13-82
290            android:screenOrientation="portrait" />
290-->src\main\AndroidManifest.xml:251:13-49
291        <activity
291-->src\main\AndroidManifest.xml:252:9-254:52
292            android:name="com.willowood.akshatrastogi.willowoodagri.termsandconditions"
292-->src\main\AndroidManifest.xml:253:13-88
293            android:screenOrientation="portrait" />
293-->src\main\AndroidManifest.xml:254:13-49
294        <activity
294-->src\main\AndroidManifest.xml:255:9-258:52
295            android:name="com.willowood.akshatrastogi.willowoodagri.tandcpage"
295-->src\main\AndroidManifest.xml:256:13-79
296            android:noHistory="true"
296-->src\main\AndroidManifest.xml:257:13-37
297            android:screenOrientation="portrait" />
297-->src\main\AndroidManifest.xml:258:13-49
298        <activity android:name="com.willowood.akshatrastogi.willowoodagri.wilbondhindi" />
298-->src\main\AndroidManifest.xml:259:9-91
298-->src\main\AndroidManifest.xml:259:19-88
299        <!--
300 ATTENTION: This was auto-generated to add Google Play services to your project for
301     App Indexing.  See https://g.co/AppIndexing/AndroidStudio for more information.
302        -->
303        <meta-data
303-->src\main\AndroidManifest.xml:264:9-266:69
304            android:name="com.google.android.gms.version"
304-->src\main\AndroidManifest.xml:265:13-58
305            android:value="@integer/google_play_services_version" />
305-->src\main\AndroidManifest.xml:266:13-66
306
307        <activity
307-->src\main\AndroidManifest.xml:268:9-270:52
308            android:name="com.willowood.akshatrastogi.willowoodagri.surfactanthindi"
308-->src\main\AndroidManifest.xml:269:13-85
309            android:screenOrientation="portrait" />
309-->src\main\AndroidManifest.xml:270:13-49
310        <activity
310-->src\main\AndroidManifest.xml:271:9-273:52
311            android:name="com.willowood.akshatrastogi.willowoodagri.wiliconhindi"
311-->src\main\AndroidManifest.xml:272:13-82
312            android:screenOrientation="portrait" />
312-->src\main\AndroidManifest.xml:273:13-49
313        <activity
313-->src\main\AndroidManifest.xml:274:9-276:52
314            android:name="com.willowood.akshatrastogi.willowoodagri.mainactivityhindi"
314-->src\main\AndroidManifest.xml:275:13-87
315            android:screenOrientation="portrait" />
315-->src\main\AndroidManifest.xml:276:13-49
316        <activity
316-->src\main\AndroidManifest.xml:277:9-279:52